<?xml version="1.0" encoding="UTF-8"?>
<!-- Generated by org.testng.reporters.JUnitXMLReporter -->
<testsuite ignored="0" hostname="Amols-MacBook-Pro.local" failures="2" tests="2" name="Default test" time="31.671" errors="0" timestamp="2025-03-02T14:20:21 GST">
  <testcase classname="io.cucumber.testng.AbstractTestNGCucumberTests" name="runScenario" time="31.094">
    <failure type="java.lang.AssertionError" message="Profile name does not match after login. expected [Amol Popat Aldar] but found [null]">
      <![CDATA[java.lang.AssertionError: Profile name does not match after login. expected [Amol Popat Aldar] but found [null]
at org.testng.Assert.fail(Assert.java:111)
at org.testng.Assert.failNotEquals(Assert.java:1578)
at org.testng.Assert.assertEqualsImpl(Assert.java:150)
at org.testng.Assert.assertEquals(Assert.java:132)
at org.testng.Assert.assertEquals(Assert.java:656)
at stepDefinations.NaukariProfileStepDefinations.user_should_be_successfully_logged_in_as(NaukariProfileStepDefinations.java:31)
at ✽.User should be successfully logged in as "Amol Popat Aldar"(file:///Users/catalinalive/eclipse-workspace/RestAssuredFramework/src/test/java/features/naukariGulfProfileUpdate.feature:6)
]]>
    </failure>
  </testcase> <!-- runScenario -->
  <testcase classname="io.cucumber.testng.AbstractTestNGCucumberTests" name="runScenario" time="31.094">
    <failure type="java.lang.AssertionError" message="Profile name does not match after login. expected [Amol Popat Aldar] but found [null]">
      <![CDATA[java.lang.AssertionError: Profile name does not match after login. expected [Amol Popat Aldar] but found [null]
at org.testng.Assert.fail(Assert.java:111)
at org.testng.Assert.failNotEquals(Assert.java:1578)
at org.testng.Assert.assertEqualsImpl(Assert.java:150)
at org.testng.Assert.assertEquals(Assert.java:132)
at org.testng.Assert.assertEquals(Assert.java:656)
at stepDefinations.NaukariProfileStepDefinations.user_should_be_successfully_logged_in_as(NaukariProfileStepDefinations.java:31)
at ✽.User should be successfully logged in as "Amol Popat Aldar"(file:///Users/catalinalive/eclipse-workspace/RestAssuredFramework/src/test/java/features/naukariGulfProfileUpdate.feature:6)
]]>
    </failure>
  </testcase> <!-- runScenario -->
</testsuite> <!-- Default test -->
